<?xml version="1.0" encoding="UTF-8"?>
<!-- Generated by org.testng.reporters.JUnitXMLReporter -->
<testsuite ignored="0" hostname="WINDOWS-J0ACLPE" failures="0" tests="3" name="Submit Order Test" time="40.671" errors="0" timestamp="2024-09-29T16:01:23 IST">
  <testcase classname="standalone.submitOrder" name="submitOrder" time="8.568"/>
  <testcase classname="standalone.submitOrder" name="submitOrder" time="10.351"/>
  <testcase classname="standalone.submitOrder" name="OrderHistory" time="4.352"/>
</testsuite> <!-- Submit Order Test -->
