<?xml version="1.0" encoding="UTF-8"?>
<!-- Generated by org.testng.reporters.JUnitXMLReporter -->
<testsuite ignored="0" hostname="WINDOWS-J0ACLPE" failures="0" tests="3" name="Submit Order Test" time="62.081" errors="0" timestamp="2024-10-02T16:40:22 IST">
  <testcase classname="standalone.submitOrder" name="submitOrder" time="12.633"/>
  <testcase classname="standalone.submitOrder" name="submitOrder" time="8.964"/>
  <testcase classname="standalone.submitOrder" name="OrderHistory" time="4.878"/>
</testsuite> <!-- Submit Order Test -->
