<?xml version="1.0" encoding="UTF-8"?>
<testng-results ignored="0" total="5" passed="5" failed="0" skipped="0">
  <reporter-output>
  </reporter-output>
  <suite started-at="2024-10-02T16:39:20 IST" name="Suite" finished-at="2024-10-02T16:40:22 IST" duration-ms="62081">
    <groups>
      <group name="ErrorHandling">
        <method signature="ErrorValidation.LoginErrorValidation()[pri:0, instance:standalone.ErrorValidation@7f2cfe3f]" name="LoginErrorValidation" class="standalone.ErrorValidation"/>
      </group> <!-- ErrorHandling -->
      <group name="Purchase">
        <method signature="submitOrder.submitOrder(java.util.HashMap)[pri:0, instance:standalone.submitOrder@60f00693]" name="submitOrder" class="standalone.submitOrder"/>
      </group> <!-- Purchase -->
    </groups>
    <test started-at="2024-10-02T16:39:20 IST" name="Errorvalidation" finished-at="2024-10-02T16:39:58 IST" duration-ms="37682">
      <class name="standalone.ErrorValidation">
        <test-method is-config="true" signature="launchApplication()[pri:0, instance:standalone.ErrorValidation@7f2cfe3f]" started-at="2024-10-02T16:39:20 IST" name="launchApplication" finished-at="2024-10-02T16:39:38 IST" duration-ms="18080" status="PASS">
          <reporter-output>
          </reporter-output>
        </test-method> <!-- launchApplication -->
        <test-method signature="LoginErrorValidation()[pri:0, instance:standalone.ErrorValidation@7f2cfe3f]" started-at="2024-10-02T16:39:38 IST" name="LoginErrorValidation" finished-at="2024-10-02T16:39:41 IST" duration-ms="3010" status="PASS">
          <reporter-output>
          </reporter-output>
        </test-method> <!-- LoginErrorValidation -->
        <test-method is-config="true" signature="tearDown()[pri:0, instance:standalone.ErrorValidation@7f2cfe3f]" started-at="2024-10-02T16:39:41 IST" name="tearDown" finished-at="2024-10-02T16:39:42 IST" duration-ms="1048" status="PASS">
          <reporter-output>
          </reporter-output>
        </test-method> <!-- tearDown -->
        <test-method is-config="true" signature="launchApplication()[pri:0, instance:standalone.ErrorValidation@7f2cfe3f]" started-at="2024-10-02T16:39:42 IST" name="launchApplication" finished-at="2024-10-02T16:39:51 IST" duration-ms="9094" status="PASS">
          <reporter-output>
          </reporter-output>
        </test-method> <!-- launchApplication -->
        <test-method signature="ProductErrorValidation()[pri:0, instance:standalone.ErrorValidation@7f2cfe3f]" started-at="2024-10-02T16:39:51 IST" name="ProductErrorValidation" finished-at="2024-10-02T16:39:57 IST" duration-ms="6087" status="PASS">
          <reporter-output>
          </reporter-output>
        </test-method> <!-- ProductErrorValidation -->
        <test-method is-config="true" signature="tearDown()[pri:0, instance:standalone.ErrorValidation@7f2cfe3f]" started-at="2024-10-02T16:39:57 IST" name="tearDown" finished-at="2024-10-02T16:39:58 IST" duration-ms="233" status="PASS">
          <reporter-output>
          </reporter-output>
        </test-method> <!-- tearDown -->
      </class> <!-- standalone.ErrorValidation -->
    </test> <!-- Errorvalidation -->
    <test started-at="2024-10-02T16:39:20 IST" name="Submit Order Test" finished-at="2024-10-02T16:40:22 IST" duration-ms="62081">
      <class name="standalone.submitOrder">
        <test-method is-config="true" signature="launchApplication()[pri:0, instance:standalone.submitOrder@60f00693]" started-at="2024-10-02T16:39:21 IST" name="launchApplication" finished-at="2024-10-02T16:39:39 IST" duration-ms="17893" status="PASS">
          <reporter-output>
          </reporter-output>
        </test-method> <!-- launchApplication -->
        <test-method signature="submitOrder(java.util.HashMap)[pri:0, instance:standalone.submitOrder@60f00693]" started-at="2024-10-02T16:39:39 IST" name="submitOrder" data-provider="getData" finished-at="2024-10-02T16:39:51 IST" duration-ms="12633" status="PASS">
          <params>
            <param index="0">
              <value>
                <![CDATA[{password=Anirudha12@, product=ZARA COAT 3, email=abcxyz@gmail.com}]]>
              </value>
            </param>
          </params>
          <reporter-output>
          </reporter-output>
        </test-method> <!-- submitOrder -->
        <test-method is-config="true" signature="tearDown()[pri:0, instance:standalone.submitOrder@60f00693]" started-at="2024-10-02T16:39:52 IST" name="tearDown" finished-at="2024-10-02T16:39:52 IST" duration-ms="443" status="PASS">
          <reporter-output>
          </reporter-output>
        </test-method> <!-- tearDown -->
        <test-method is-config="true" signature="launchApplication()[pri:0, instance:standalone.submitOrder@60f00693]" started-at="2024-10-02T16:39:52 IST" name="launchApplication" finished-at="2024-10-02T16:40:01 IST" duration-ms="9188" status="PASS">
          <reporter-output>
          </reporter-output>
        </test-method> <!-- launchApplication -->
        <test-method signature="submitOrder(java.util.HashMap)[pri:0, instance:standalone.submitOrder@60f00693]" started-at="2024-10-02T16:40:01 IST" name="submitOrder" data-provider="getData" finished-at="2024-10-02T16:40:10 IST" duration-ms="8964" status="PASS">
          <params>
            <param index="0">
              <value>
                <![CDATA[{password=Iamking@000, product=ADIDAS ORIGINAL, email=shetty@gmail.com}]]>
              </value>
            </param>
          </params>
          <reporter-output>
          </reporter-output>
        </test-method> <!-- submitOrder -->
        <test-method is-config="true" signature="tearDown()[pri:0, instance:standalone.submitOrder@60f00693]" started-at="2024-10-02T16:40:10 IST" name="tearDown" finished-at="2024-10-02T16:40:10 IST" duration-ms="278" status="PASS">
          <reporter-output>
          </reporter-output>
        </test-method> <!-- tearDown -->
        <test-method is-config="true" signature="launchApplication()[pri:0, instance:standalone.submitOrder@60f00693]" started-at="2024-10-02T16:40:10 IST" name="launchApplication" finished-at="2024-10-02T16:40:17 IST" duration-ms="6394" status="PASS">
          <reporter-output>
          </reporter-output>
        </test-method> <!-- launchApplication -->
        <test-method signature="OrderHistory()[pri:0, instance:standalone.submitOrder@60f00693]" started-at="2024-10-02T16:40:17 IST" name="OrderHistory" finished-at="2024-10-02T16:40:22 IST" depends-on-methods="standalone.submitOrder.submitOrder" duration-ms="4878" status="PASS">
          <reporter-output>
          </reporter-output>
        </test-method> <!-- OrderHistory -->
        <test-method is-config="true" signature="tearDown()[pri:0, instance:standalone.submitOrder@60f00693]" started-at="2024-10-02T16:40:22 IST" name="tearDown" finished-at="2024-10-02T16:40:22 IST" duration-ms="224" status="PASS">
          <reporter-output>
          </reporter-output>
        </test-method> <!-- tearDown -->
      </class> <!-- standalone.submitOrder -->
    </test> <!-- Submit Order Test -->
  </suite> <!-- Suite -->
</testng-results>
